<?xml version="1.0" encoding="UTF-8"?>
<testsuite name="me.lizhen.client.DgraphTest" tests="1" skipped="0" failures="0" errors="0" timestamp="2022-03-18T07:19:16" hostname="Craigs-MacBook-Pro.local" time="4.916">
  <properties/>
  <testcase name="testNodeToNodePattern" classname="me.lizhen.client.DgraphTest" time="4.916"/>
  <system-out><![CDATA[2022-03-18 15:19:16.559 [Test worker] INFO  org.mongodb.driver.cluster - Cluster created with settings {hosts=[162.105.88.139:27025], mode=SINGLE, requiredClusterType=UNKNOWN, serverSelectionTimeout='30000 ms'}
2022-03-18 15:19:16.575 [Test worker] DEBUG org.mongodb.driver.cluster - Updating cluster description to  {type=UNKNOWN, servers=[{address=162.105.88.139:27025, type=UNKNOWN, state=CONNECTING}]
2022-03-18 15:19:16.597 [cluster-ClusterId{value='62343274d5f76631f7631423', description='null'}-162.105.88.139:27025] INFO  org.mongodb.driver.connection - Opened connection [connectionId{localValue:1, serverValue:3053}] to 162.105.88.139:27025
2022-03-18 15:19:16.597 [cluster-rtt-ClusterId{value='62343274d5f76631f7631423', description='null'}-162.105.88.139:27025] INFO  org.mongodb.driver.connection - Opened connection [connectionId{localValue:2, serverValue:3052}] to 162.105.88.139:27025
2022-03-18 15:19:16.597 [cluster-ClusterId{value='62343274d5f76631f7631423', description='null'}-162.105.88.139:27025] INFO  org.mongodb.driver.cluster - Monitor thread successfully connected to server with description ServerDescription{address=162.105.88.139:27025, type=STANDALONE, state=CONNECTED, ok=true, minWireVersion=0, maxWireVersion=9, maxDocumentSize=16777216, logicalSessionTimeoutMinutes=30, roundTripTimeNanos=12675958}
2022-03-18 15:19:16.598 [cluster-ClusterId{value='62343274d5f76631f7631423', description='null'}-162.105.88.139:27025] DEBUG org.mongodb.driver.connection - Marking the connection pool for ServerId{clusterId=ClusterId{value='62343274d5f76631f7631423', description='null'}, address=162.105.88.139:27025} as 'ready'
2022-03-18 15:19:16.599 [MaintenanceTimer-1-thread-1] DEBUG org.mongodb.driver.connection - Pruning pooled connections to 162.105.88.139:27025
2022-03-18 15:19:16.599 [cluster-ClusterId{value='62343274d5f76631f7631423', description='null'}-162.105.88.139:27025] DEBUG org.mongodb.driver.cluster - Updating cluster description to  {type=STANDALONE, servers=[{address=162.105.88.139:27025, type=STANDALONE, roundTripTime=12.7 ms, state=CONNECTED}]
2022-03-18 15:19:16.600 [cluster-ClusterId{value='62343274d5f76631f7631423', description='null'}-162.105.88.139:27025] DEBUG org.mongodb.driver.cluster - Checking status of 162.105.88.139:27025
2022-03-18 15:19:16.723 [Test worker] INFO  org.mongodb.driver.connection - Opened connection [connectionId{localValue:3, serverValue:3054}] to 162.105.88.139:27025
2022-03-18 15:19:16.723 [Test worker] TRACE org.mongodb.driver.connection - Pooled connection connectionId{localValue:3, serverValue:3054} to server ServerId{clusterId=ClusterId{value='62343274d5f76631f7631423', description='null'}, address=162.105.88.139:27025} is now open
2022-03-18 15:19:16.736 [Test worker] DEBUG org.mongodb.driver.protocol.command - Sending command '{"find": "relation_node", "filter": {}, "$db": "relation", "lsid": {"id": {"$binary": {"base64": "tf7474etTYit+JqDYXutug==", "subType": "04"}}}}' with request id 6 to database relation on connection [connectionId{localValue:3, serverValue:3054}] to server 162.105.88.139:27025
2022-03-18 15:19:16.747 [Test worker] DEBUG org.mongodb.driver.protocol.command - Execution of command with request id 6 completed successfully in 17.25 ms on connection [connectionId{localValue:3, serverValue:3054}] to server 162.105.88.139:27025
2022-03-18 15:19:16.848 [Test worker] DEBUG org.mongodb.driver.operation - Received batch of 66 documents with cursorId 0 from server 162.105.88.139:27025
2022-03-18 15:19:16.849 [Test worker] TRACE org.mongodb.driver.connection - Checked in connection [connectionId{localValue:3, serverValue:3054}] to server 162.105.88.139:27025
2022-03-18 15:19:16.944 [grpc-nio-worker-ELG-1-2] DEBUG io.grpc.netty.NettyClientHandler - [id: 0xb639a3b6, L:/10.0.163.130:49185 - R:/162.105.88.139:19482] OUTBOUND SETTINGS: ack=false settings={ENABLE_PUSH=0, MAX_CONCURRENT_STREAMS=0, INITIAL_WINDOW_SIZE=1048576, MAX_HEADER_LIST_SIZE=8192}
2022-03-18 15:19:16.947 [grpc-nio-worker-ELG-1-2] DEBUG io.grpc.netty.NettyClientHandler - [id: 0xb639a3b6, L:/10.0.163.130:49185 - R:/162.105.88.139:19482] OUTBOUND WINDOW_UPDATE: streamId=0 windowSizeIncrement=983041
2022-03-18 15:19:16.950 [grpc-nio-worker-ELG-1-2] DEBUG io.grpc.netty.NettyClientHandler - [id: 0xb639a3b6, L:/10.0.163.130:49185 - R:/162.105.88.139:19482] INBOUND SETTINGS: ack=false settings={MAX_CONCURRENT_STREAMS=1000}
2022-03-18 15:19:16.950 [grpc-nio-worker-ELG-1-2] DEBUG io.grpc.netty.NettyClientHandler - [id: 0xb639a3b6, L:/10.0.163.130:49185 - R:/162.105.88.139:19482] OUTBOUND SETTINGS: ack=true
2022-03-18 15:19:16.951 [grpc-nio-worker-ELG-1-2] DEBUG io.grpc.netty.NettyClientHandler - [id: 0xb639a3b6, L:/10.0.163.130:49185 - R:/162.105.88.139:19482] INBOUND SETTINGS: ack=true
2022-03-18 15:19:16.959 [grpc-nio-worker-ELG-1-2] DEBUG io.grpc.netty.NettyClientHandler - [id: 0xb639a3b6, L:/10.0.163.130:49185 - R:/162.105.88.139:19482] OUTBOUND HEADERS: streamId=3 headers=GrpcHttp2OutboundHeaders[:authority: 162.105.88.139:19482, :path: /api.Dgraph/Alter, :method: POST, :scheme: http, content-type: application/grpc, te: trailers, user-agent: grpc-java-netty/1.34.1, grpc-accept-encoding: gzip] streamDependency=0 weight=16 exclusive=false padding=0 endStream=false
2022-03-18 15:19:16.962 [grpc-nio-worker-ELG-1-2] DEBUG io.grpc.netty.NettyClientHandler - [id: 0xb639a3b6, L:/10.0.163.130:49185 - R:/162.105.88.139:19482] OUTBOUND DATA: streamId=3 padding=0 endStream=true length=1956 bytes=000000079f0a9a0f3c6e6f646549643e3a20696e742040696e64657828696e7429202e0a3c74797065733e3a20737472696e672040696e646578286861736829...
2022-03-18 15:19:16.966 [grpc-nio-worker-ELG-1-2] DEBUG io.grpc.netty.NettyClientHandler - [id: 0xb639a3b6, L:/10.0.163.130:49185 - R:/162.105.88.139:19482] INBOUND WINDOW_UPDATE: streamId=0 windowSizeIncrement=1956
2022-03-18 15:19:16.966 [grpc-nio-worker-ELG-1-2] DEBUG io.grpc.netty.NettyClientHandler - [id: 0xb639a3b6, L:/10.0.163.130:49185 - R:/162.105.88.139:19482] INBOUND PING: ack=false bytes=145258749040133895
2022-03-18 15:19:16.966 [grpc-nio-worker-ELG-1-2] DEBUG io.grpc.netty.NettyClientHandler - [id: 0xb639a3b6, L:/10.0.163.130:49185 - R:/162.105.88.139:19482] OUTBOUND PING: ack=true bytes=145258749040133895
2022-03-18 15:19:16.978 [grpc-nio-worker-ELG-1-2] DEBUG io.grpc.netty.NettyClientHandler - [id: 0xb639a3b6, L:/10.0.163.130:49185 - R:/162.105.88.139:19482] INBOUND HEADERS: streamId=3 headers=GrpcHttp2ResponseHeaders[:status: 200, content-type: application/grpc] padding=0 endStream=false
2022-03-18 15:19:16.979 [grpc-nio-worker-ELG-1-2] DEBUG io.grpc.netty.NettyClientHandler - [id: 0xb639a3b6, L:/10.0.163.130:49185 - R:/162.105.88.139:19482] INBOUND DATA: streamId=3 padding=0 endStream=false length=5 bytes=0000000000
2022-03-18 15:19:16.979 [grpc-nio-worker-ELG-1-2] DEBUG io.grpc.netty.NettyClientHandler - [id: 0xb639a3b6, L:/10.0.163.130:49185 - R:/162.105.88.139:19482] OUTBOUND PING: ack=false bytes=1234
2022-03-18 15:19:16.980 [grpc-nio-worker-ELG-1-2] DEBUG io.grpc.netty.NettyClientHandler - [id: 0xb639a3b6, L:/10.0.163.130:49185 - R:/162.105.88.139:19482] INBOUND HEADERS: streamId=3 headers=GrpcHttp2ResponseHeaders[grpc-status: 0, grpc-message: ] padding=0 endStream=true
2022-03-18 15:19:16.984 [grpc-nio-worker-ELG-1-2] DEBUG io.grpc.netty.NettyClientHandler - [id: 0xb639a3b6, L:/10.0.163.130:49185 - R:/162.105.88.139:19482] INBOUND PING: ack=true bytes=1234
2022-03-18 15:19:17.005 [grpc-nio-worker-ELG-1-2] DEBUG io.grpc.netty.NettyClientHandler - [id: 0xb639a3b6, L:/10.0.163.130:49185 - R:/162.105.88.139:19482] OUTBOUND HEADERS: streamId=5 headers=GrpcHttp2OutboundHeaders[:authority: 162.105.88.139:19482, :path: /api.Dgraph/Query, :method: POST, :scheme: http, content-type: application/grpc, te: trailers, user-agent: grpc-java-netty/1.34.1, grpc-accept-encoding: gzip] streamDependency=0 weight=16 exclusive=false padding=0 endStream=false
2022-03-18 15:19:17.005 [grpc-nio-worker-ELG-1-2] DEBUG io.grpc.netty.NettyClientHandler - [id: 0xb639a3b6, L:/10.0.163.130:49185 - R:/162.105.88.139:19482] OUTBOUND DATA: streamId=5 padding=0 endStream=true length=36 bytes=000000001f221d71756572797b6e6f64652866756e633a207569642830783129297b7d7d
2022-03-18 15:19:17.010 [grpc-nio-worker-ELG-1-2] DEBUG io.grpc.netty.NettyClientHandler - [id: 0xb639a3b6, L:/10.0.163.130:49185 - R:/162.105.88.139:19482] INBOUND WINDOW_UPDATE: streamId=0 windowSizeIncrement=36
2022-03-18 15:19:17.010 [grpc-nio-worker-ELG-1-2] DEBUG io.grpc.netty.NettyClientHandler - [id: 0xb639a3b6, L:/10.0.163.130:49185 - R:/162.105.88.139:19482] INBOUND PING: ack=false bytes=145258749040133895
2022-03-18 15:19:17.010 [grpc-nio-worker-ELG-1-2] DEBUG io.grpc.netty.NettyClientHandler - [id: 0xb639a3b6, L:/10.0.163.130:49185 - R:/162.105.88.139:19482] OUTBOUND PING: ack=true bytes=145258749040133895
2022-03-18 15:19:17.011 [grpc-nio-worker-ELG-1-2] DEBUG io.grpc.netty.NettyClientHandler - [id: 0xb639a3b6, L:/10.0.163.130:49185 - R:/162.105.88.139:19482] INBOUND HEADERS: streamId=5 headers=GrpcHttp2ResponseHeaders[:status: 200, content-type: application/grpc, dgraph-toucheduids: 1] padding=0 endStream=false
2022-03-18 15:19:17.012 [grpc-nio-worker-ELG-1-2] DEBUG io.grpc.netty.NettyClientHandler - [id: 0xb639a3b6, L:/10.0.163.130:49185 - R:/162.105.88.139:19482] INBOUND DATA: streamId=5 padding=0 endStream=false length=66 bytes=000000003d0a0b7b226e6f6465223a5b5d7d120408f3f3271a1408a2a50410df900518adea0420ccf02d28b6c64122120a040a0010010a0a0a065f746f74616c...
2022-03-18 15:19:17.012 [grpc-nio-worker-ELG-1-2] DEBUG io.grpc.netty.NettyClientHandler - [id: 0xb639a3b6, L:/10.0.163.130:49185 - R:/162.105.88.139:19482] OUTBOUND PING: ack=false bytes=1234
2022-03-18 15:19:17.012 [grpc-nio-worker-ELG-1-2] DEBUG io.grpc.netty.NettyClientHandler - [id: 0xb639a3b6, L:/10.0.163.130:49185 - R:/162.105.88.139:19482] INBOUND HEADERS: streamId=5 headers=GrpcHttp2ResponseHeaders[grpc-status: 0, grpc-message: ] padding=0 endStream=true
2022-03-18 15:19:17.017 [grpc-nio-worker-ELG-1-2] DEBUG io.grpc.netty.NettyClientHandler - [id: 0xb639a3b6, L:/10.0.163.130:49185 - R:/162.105.88.139:19482] INBOUND PING: ack=true bytes=1234
2022-03-18 15:19:17.031 [DefaultDispatcher-worker-4 @coroutine#3] DEBUG org.mongodb.driver.protocol.command - Sending command '{"find": "relation_node", "filter": {}, "$db": "relation", "lsid": {"id": {"$binary": {"base64": "tf7474etTYit+JqDYXutug==", "subType": "04"}}}}' with request id 7 to database relation on connection [connectionId{localValue:3, serverValue:3054}] to server 162.105.88.139:27025
2022-03-18 15:19:17.065 [DefaultDispatcher-worker-4 @coroutine#3] DEBUG org.mongodb.driver.protocol.command - Execution of command with request id 7 completed successfully in 34.05 ms on connection [connectionId{localValue:3, serverValue:3054}] to server 162.105.88.139:27025
2022-03-18 15:19:17.069 [DefaultDispatcher-worker-4 @coroutine#3] DEBUG org.mongodb.driver.operation - Received batch of 66 documents with cursorId 0 from server 162.105.88.139:27025
2022-03-18 15:19:17.069 [DefaultDispatcher-worker-4 @coroutine#3] TRACE org.mongodb.driver.connection - Checked in connection [connectionId{localValue:3, serverValue:3054}] to server 162.105.88.139:27025
2022-03-18 15:19:17.070 [DefaultDispatcher-worker-4 @coroutine#3] TRACE org.mongodb.driver.connection - Handed over opened connection [connectionId{localValue:3, serverValue:3054}] to server 162.105.88.139:27025
2022-03-18 15:19:17.070 [DefaultDispatcher-worker-1 @coroutine#1] TRACE org.mongodb.driver.connection - Received opened connection [connectionId{localValue:3, serverValue:3054}] to server 162.105.88.139:27025
2022-03-18 15:19:17.070 [DefaultDispatcher-worker-1 @coroutine#1] TRACE org.mongodb.driver.connection - Silently closed connection [connectionId{localValue:5}] to server 162.105.88.139:27025
2022-03-18 15:19:17.070 [DefaultDispatcher-worker-1 @coroutine#1] DEBUG org.mongodb.driver.connection - Closing connection connectionId{localValue:5}
2022-03-18 15:19:17.071 [DefaultDispatcher-worker-1 @coroutine#1] DEBUG org.mongodb.driver.protocol.command - Sending command '{"find": "concept_node", "filter": {}, "$db": "relation", "lsid": {"id": {"$binary": {"base64": "tf7474etTYit+JqDYXutug==", "subType": "04"}}}}' with request id 10 to database relation on connection [connectionId{localValue:3, serverValue:3054}] to server 162.105.88.139:27025
2022-03-18 15:19:17.083 [DefaultDispatcher-worker-1 @coroutine#1] DEBUG org.mongodb.driver.protocol.command - Execution of command with request id 10 completed successfully in 12.09 ms on connection [connectionId{localValue:3, serverValue:3054}] to server 162.105.88.139:27025
2022-03-18 15:19:17.088 [DefaultDispatcher-worker-2 @coroutine#2] INFO  org.mongodb.driver.connection - Opened connection [connectionId{localValue:6, serverValue:3056}] to 162.105.88.139:27025
2022-03-18 15:19:17.088 [DefaultDispatcher-worker-5 @coroutine#5] INFO  org.mongodb.driver.connection - Opened connection [connectionId{localValue:4, serverValue:3055}] to 162.105.88.139:27025
2022-03-18 15:19:17.088 [DefaultDispatcher-worker-2 @coroutine#2] TRACE org.mongodb.driver.connection - Pooled connection connectionId{localValue:6, serverValue:3056} to server ServerId{clusterId=ClusterId{value='62343274d5f76631f7631423', description='null'}, address=162.105.88.139:27025} is now open
2022-03-18 15:19:17.088 [DefaultDispatcher-worker-5 @coroutine#5] TRACE org.mongodb.driver.connection - Pooled connection connectionId{localValue:4, serverValue:3055} to server ServerId{clusterId=ClusterId{value='62343274d5f76631f7631423', description='null'}, address=162.105.88.139:27025} is now open
2022-03-18 15:19:17.088 [DefaultDispatcher-worker-2 @coroutine#2] DEBUG org.mongodb.driver.protocol.command - Sending command '{"find": "property_node", "filter": {}, "$db": "relation", "lsid": {"id": {"$binary": {"base64": "ipoPqg2DQRKvH6pp2eAe9Q==", "subType": "04"}}}}' with request id 13 to database relation on connection [connectionId{localValue:6, serverValue:3056}] to server 162.105.88.139:27025
2022-03-18 15:19:17.088 [DefaultDispatcher-worker-5 @coroutine#5] DEBUG org.mongodb.driver.protocol.command - Sending command '{"find": "hasProperty_edge", "filter": {}, "$db": "relation", "lsid": {"id": {"$binary": {"base64": "iVAW8WSoRNKJu4YUS4D03A==", "subType": "04"}}}}' with request id 14 to database relation on connection [connectionId{localValue:4, serverValue:3055}] to server 162.105.88.139:27025
2022-03-18 15:19:17.097 [DefaultDispatcher-worker-1 @coroutine#1] DEBUG org.mongodb.driver.operation - Received batch of 94 documents with cursorId 0 from server 162.105.88.139:27025
2022-03-18 15:19:17.097 [DefaultDispatcher-worker-1 @coroutine#1] TRACE org.mongodb.driver.connection - Checked in connection [connectionId{localValue:3, serverValue:3054}] to server 162.105.88.139:27025
2022-03-18 15:19:17.103 [DefaultDispatcher-worker-2 @coroutine#2] DEBUG org.mongodb.driver.protocol.command - Execution of command with request id 13 completed successfully in 15.32 ms on connection [connectionId{localValue:6, serverValue:3056}] to server 162.105.88.139:27025
2022-03-18 15:19:17.107 [DefaultDispatcher-worker-5 @coroutine#5] DEBUG org.mongodb.driver.protocol.command - Execution of command with request id 14 completed successfully in 19.11 ms on connection [connectionId{localValue:4, serverValue:3055}] to server 162.105.88.139:27025
2022-03-18 15:19:17.120 [DefaultDispatcher-worker-2 @coroutine#2] DEBUG org.mongodb.driver.operation - Received batch of 101 documents with cursorId 7239964947326499345 from server 162.105.88.139:27025
2022-03-18 15:19:17.121 [DefaultDispatcher-worker-2 @coroutine#2] TRACE org.mongodb.driver.connection - Checked in connection [connectionId{localValue:6, serverValue:3056}] to server 162.105.88.139:27025
2022-03-18 15:19:17.122 [DefaultDispatcher-worker-2 @coroutine#2] DEBUG org.mongodb.driver.protocol.command - Sending command '{"getMore": 7239964947326499345, "collection": "property_node", "$db": "relation", "lsid": {"id": {"$binary": {"base64": "ipoPqg2DQRKvH6pp2eAe9Q==", "subType": "04"}}}}' with request id 19 to database relation on connection [connectionId{localValue:6, serverValue:3056}] to server 162.105.88.139:27025
2022-03-18 15:19:17.123 [DefaultDispatcher-worker-5 @coroutine#5] DEBUG org.mongodb.driver.operation - Received batch of 101 documents with cursorId 6798275533292257856 from server 162.105.88.139:27025
2022-03-18 15:19:17.123 [DefaultDispatcher-worker-5 @coroutine#5] TRACE org.mongodb.driver.connection - Checked in connection [connectionId{localValue:4, serverValue:3055}] to server 162.105.88.139:27025
2022-03-18 15:19:17.124 [DefaultDispatcher-worker-5 @coroutine#5] DEBUG org.mongodb.driver.protocol.command - Sending command '{"getMore": 6798275533292257856, "collection": "hasProperty_edge", "$db": "relation", "lsid": {"id": {"$binary": {"base64": "iVAW8WSoRNKJu4YUS4D03A==", "subType": "04"}}}}' with request id 20 to database relation on connection [connectionId{localValue:4, serverValue:3055}] to server 162.105.88.139:27025
2022-03-18 15:19:17.125 [Test worker] INFO  org.mongodb.driver.connection - Opened connection [connectionId{localValue:8, serverValue:3057}] to 162.105.88.139:27025
2022-03-18 15:19:17.126 [Test worker] TRACE org.mongodb.driver.connection - Pooled connection connectionId{localValue:8, serverValue:3057} to server ServerId{clusterId=ClusterId{value='62343274d5f76631f7631423', description='null'}, address=162.105.88.139:27025} is now open
2022-03-18 15:19:17.127 [Test worker] DEBUG org.mongodb.driver.protocol.command - Sending command '{"aggregate": "报警人_node", "pipeline": [{"$match": {"$and": [{"properties.呼叫人*": {"$regularExpression": {"pattern": "李.+", "options": ""}}}, {"properties.联系电话": {"$regularExpression": {"pattern": "15[0-9].+", "options": ""}}}]}}, {"$group": {"_id": 1, "n": {"$sum": 1}}}], "cursor": {}, "$db": "relation", "lsid": {"id": {"$binary": {"base64": "tf7474etTYit+JqDYXutug==", "subType": "04"}}}}' with request id 21 to database relation on connection [connectionId{localValue:8, serverValue:3057}] to server 162.105.88.139:27025
2022-03-18 15:19:17.158 [DefaultDispatcher-worker-3 @coroutine#4] INFO  org.mongodb.driver.connection - Opened connection [connectionId{localValue:7, serverValue:3058}] to 162.105.88.139:27025
2022-03-18 15:19:17.158 [DefaultDispatcher-worker-2 @coroutine#2] DEBUG org.mongodb.driver.protocol.command - Execution of command with request id 19 completed successfully in 35.83 ms on connection [connectionId{localValue:6, serverValue:3056}] to server 162.105.88.139:27025
2022-03-18 15:19:17.158 [DefaultDispatcher-worker-5 @coroutine#5] DEBUG org.mongodb.driver.protocol.command - Execution of command with request id 20 completed successfully in 33.77 ms on connection [connectionId{localValue:4, serverValue:3055}] to server 162.105.88.139:27025
2022-03-18 15:19:17.158 [DefaultDispatcher-worker-3 @coroutine#4] TRACE org.mongodb.driver.connection - Pooled connection connectionId{localValue:7, serverValue:3058} to server ServerId{clusterId=ClusterId{value='62343274d5f76631f7631423', description='null'}, address=162.105.88.139:27025} is now open
2022-03-18 15:19:17.158 [DefaultDispatcher-worker-5 @coroutine#5] DEBUG org.mongodb.driver.operation - Received batch of 7 documents with cursorId 0 from server 162.105.88.139:27025
2022-03-18 15:19:17.158 [DefaultDispatcher-worker-3 @coroutine#4] DEBUG org.mongodb.driver.protocol.command - Sending command '{"find": "hasRelationConcept_edge", "filter": {}, "$db": "relation", "lsid": {"id": {"$binary": {"base64": "i5Rh5snVStSB6cPgk8TXkw==", "subType": "04"}}}}' with request id 22 to database relation on connection [connectionId{localValue:7, serverValue:3058}] to server 162.105.88.139:27025
2022-03-18 15:19:17.158 [DefaultDispatcher-worker-5 @coroutine#5] TRACE org.mongodb.driver.connection - Checked in connection [connectionId{localValue:4, serverValue:3055}] to server 162.105.88.139:27025
2022-03-18 15:19:17.160 [DefaultDispatcher-worker-2 @coroutine#2] DEBUG org.mongodb.driver.operation - Received batch of 44 documents with cursorId 0 from server 162.105.88.139:27025
2022-03-18 15:19:17.160 [DefaultDispatcher-worker-2 @coroutine#2] TRACE org.mongodb.driver.connection - Checked in connection [connectionId{localValue:6, serverValue:3056}] to server 162.105.88.139:27025
2022-03-18 15:19:17.163 [Test worker] DEBUG org.mongodb.driver.protocol.command - Execution of command with request id 21 completed successfully in 36.65 ms on connection [connectionId{localValue:8, serverValue:3057}] to server 162.105.88.139:27025
2022-03-18 15:19:17.163 [Test worker] DEBUG org.mongodb.driver.operation - Received batch of 1 documents with cursorId 0 from server 162.105.88.139:27025
2022-03-18 15:19:17.163 [Test worker] TRACE org.mongodb.driver.connection - Checked in connection [connectionId{localValue:8, serverValue:3057}] to server 162.105.88.139:27025
2022-03-18 15:19:17.166 [Test worker] DEBUG org.mongodb.driver.protocol.command - Sending command '{"aggregate": "急救报警_node", "pipeline": [{"$match": {}}, {"$group": {"_id": 1, "n": {"$sum": 1}}}], "cursor": {}, "$db": "relation", "lsid": {"id": {"$binary": {"base64": "tf7474etTYit+JqDYXutug==", "subType": "04"}}}}' with request id 23 to database relation on connection [connectionId{localValue:8, serverValue:3057}] to server 162.105.88.139:27025
2022-03-18 15:19:17.181 [DefaultDispatcher-worker-3 @coroutine#4] DEBUG org.mongodb.driver.protocol.command - Execution of command with request id 22 completed successfully in 22.75 ms on connection [connectionId{localValue:7, serverValue:3058}] to server 162.105.88.139:27025
2022-03-18 15:19:17.190 [DefaultDispatcher-worker-3 @coroutine#4] DEBUG org.mongodb.driver.operation - Received batch of 101 documents with cursorId 3545829412422895268 from server 162.105.88.139:27025
2022-03-18 15:19:17.190 [DefaultDispatcher-worker-3 @coroutine#4] TRACE org.mongodb.driver.connection - Checked in connection [connectionId{localValue:7, serverValue:3058}] to server 162.105.88.139:27025
2022-03-18 15:19:17.190 [DefaultDispatcher-worker-3 @coroutine#4] DEBUG org.mongodb.driver.protocol.command - Sending command '{"getMore": 3545829412422895268, "collection": "hasRelationConcept_edge", "$db": "relation", "lsid": {"id": {"$binary": {"base64": "i5Rh5snVStSB6cPgk8TXkw==", "subType": "04"}}}}' with request id 24 to database relation on connection [connectionId{localValue:7, serverValue:3058}] to server 162.105.88.139:27025
2022-03-18 15:19:17.199 [DefaultDispatcher-worker-3 @coroutine#4] DEBUG org.mongodb.driver.protocol.command - Execution of command with request id 24 completed successfully in 8.78 ms on connection [connectionId{localValue:7, serverValue:3058}] to server 162.105.88.139:27025
2022-03-18 15:19:17.200 [DefaultDispatcher-worker-3 @coroutine#4] DEBUG org.mongodb.driver.operation - Received batch of 66 documents with cursorId 0 from server 162.105.88.139:27025
2022-03-18 15:19:17.200 [DefaultDispatcher-worker-3 @coroutine#4] TRACE org.mongodb.driver.connection - Checked in connection [connectionId{localValue:7, serverValue:3058}] to server 162.105.88.139:27025
2022-03-18 15:19:20.828 [Test worker] DEBUG org.mongodb.driver.protocol.command - Execution of command with request id 23 completed successfully in 3660.45 ms on connection [connectionId{localValue:8, serverValue:3057}] to server 162.105.88.139:27025
2022-03-18 15:19:20.830 [Test worker] DEBUG org.mongodb.driver.operation - Received batch of 1 documents with cursorId 0 from server 162.105.88.139:27025
2022-03-18 15:19:20.830 [Test worker] TRACE org.mongodb.driver.connection - Checked in connection [connectionId{localValue:8, serverValue:3057}] to server 162.105.88.139:27025
2022-03-18 15:19:20.841 [Test worker] DEBUG org.mongodb.driver.protocol.command - Sending command '{"find": "报警人_node", "filter": {"$and": [{"properties.呼叫人*": {"$regularExpression": {"pattern": "李.+", "options": ""}}}, {"properties.联系电话": {"$regularExpression": {"pattern": "15[0-9].+", "options": ""}}}]}, "$db": "relation", "lsid": {"id": {"$binary": {"base64": "tf7474etTYit+JqDYXutug==", "subType": "04"}}}}' with request id 25 to database relation on connection [connectionId{localValue:8, serverValue:3057}] to server 162.105.88.139:27025
2022-03-18 15:19:20.881 [Test worker] DEBUG org.mongodb.driver.protocol.command - Execution of command with request id 25 completed successfully in 41.05 ms on connection [connectionId{localValue:8, serverValue:3057}] to server 162.105.88.139:27025
2022-03-18 15:19:20.888 [Test worker] DEBUG org.mongodb.driver.operation - Received batch of 5 documents with cursorId 0 from server 162.105.88.139:27025
2022-03-18 15:19:20.888 [Test worker] TRACE org.mongodb.driver.connection - Checked in connection [connectionId{localValue:8, serverValue:3057}] to server 162.105.88.139:27025
2022-03-18 15:19:20.889 [Test worker] DEBUG org.mongodb.driver.protocol.command - Sending command '{"find": "报警人_node", "filter": {"$and": [{"properties.呼叫人*": {"$regularExpression": {"pattern": "李.+", "options": ""}}}, {"properties.联系电话": {"$regularExpression": {"pattern": "15[0-9].+", "options": ""}}}]}, "$db": "relation", "lsid": {"id": {"$binary": {"base64": "tf7474etTYit+JqDYXutug==", "subType": "04"}}}}' with request id 26 to database relation on connection [connectionId{localValue:8, serverValue:3057}] to server 162.105.88.139:27025
2022-03-18 15:19:20.910 [Test worker] DEBUG org.mongodb.driver.protocol.command - Execution of command with request id 26 completed successfully in 20.55 ms on connection [connectionId{localValue:8, serverValue:3057}] to server 162.105.88.139:27025
2022-03-18 15:19:20.910 [Test worker] DEBUG org.mongodb.driver.operation - Received batch of 5 documents with cursorId 0 from server 162.105.88.139:27025
2022-03-18 15:19:20.910 [Test worker] TRACE org.mongodb.driver.connection - Checked in connection [connectionId{localValue:8, serverValue:3057}] to server 162.105.88.139:27025
2022-03-18 15:19:20.924 [Test worker] DEBUG org.mongodb.driver.protocol.command - Sending command '{"find": "发起_edge", "filter": {"fromId": {"$in": [19031263]}}, "$db": "relation", "lsid": {"id": {"$binary": {"base64": "tf7474etTYit+JqDYXutug==", "subType": "04"}}}}' with request id 27 to database relation on connection [connectionId{localValue:8, serverValue:3057}] to server 162.105.88.139:27025
2022-03-18 15:19:20.932 [Test worker] DEBUG org.mongodb.driver.protocol.command - Execution of command with request id 27 completed successfully in 8.35 ms on connection [connectionId{localValue:8, serverValue:3057}] to server 162.105.88.139:27025
2022-03-18 15:19:20.935 [Test worker] DEBUG org.mongodb.driver.operation - Received batch of 6 documents with cursorId 0 from server 162.105.88.139:27025
2022-03-18 15:19:20.935 [Test worker] TRACE org.mongodb.driver.connection - Checked in connection [connectionId{localValue:8, serverValue:3057}] to server 162.105.88.139:27025
2022-03-18 15:19:20.938 [Test worker] DEBUG org.mongodb.driver.protocol.command - Sending command '{"find": "急救报警_node", "filter": {"nodeId": {"$in": [19031257, 20014352, 21139820, 23313275, 23564620, 26793972]}}, "$db": "relation", "lsid": {"id": {"$binary": {"base64": "tf7474etTYit+JqDYXutug==", "subType": "04"}}}}' with request id 28 to database relation on connection [connectionId{localValue:8, serverValue:3057}] to server 162.105.88.139:27025
2022-03-18 15:19:20.963 [Test worker] DEBUG org.mongodb.driver.protocol.command - Execution of command with request id 28 completed successfully in 25.35 ms on connection [connectionId{localValue:8, serverValue:3057}] to server 162.105.88.139:27025
2022-03-18 15:19:20.964 [Test worker] DEBUG org.mongodb.driver.operation - Received batch of 6 documents with cursorId 0 from server 162.105.88.139:27025
2022-03-18 15:19:20.964 [Test worker] TRACE org.mongodb.driver.connection - Checked in connection [connectionId{localValue:8, serverValue:3057}] to server 162.105.88.139:27025
2022-03-18 15:19:20.965 [Test worker] DEBUG org.mongodb.driver.protocol.command - Sending command '{"find": "急救报警_node", "filter": {"nodeId": {"$in": [19031257, 20014352, 21139820, 23313275, 23564620, 26793972]}}, "$db": "relation", "lsid": {"id": {"$binary": {"base64": "tf7474etTYit+JqDYXutug==", "subType": "04"}}}}' with request id 29 to database relation on connection [connectionId{localValue:8, serverValue:3057}] to server 162.105.88.139:27025
2022-03-18 15:19:20.973 [Test worker] DEBUG org.mongodb.driver.protocol.command - Execution of command with request id 29 completed successfully in 8.27 ms on connection [connectionId{localValue:8, serverValue:3057}] to server 162.105.88.139:27025
2022-03-18 15:19:20.973 [Test worker] DEBUG org.mongodb.driver.operation - Received batch of 6 documents with cursorId 0 from server 162.105.88.139:27025
2022-03-18 15:19:20.973 [Test worker] TRACE org.mongodb.driver.connection - Checked in connection [connectionId{localValue:8, serverValue:3057}] to server 162.105.88.139:27025
2022-03-18 15:19:20.974 [Test worker] DEBUG org.mongodb.driver.protocol.command - Sending command '{"find": "发起_edge", "filter": {"fromId": {"$in": [60210513]}}, "$db": "relation", "lsid": {"id": {"$binary": {"base64": "tf7474etTYit+JqDYXutug==", "subType": "04"}}}}' with request id 30 to database relation on connection [connectionId{localValue:8, serverValue:3057}] to server 162.105.88.139:27025
2022-03-18 15:19:21.077 [Test worker] DEBUG org.mongodb.driver.protocol.command - Execution of command with request id 30 completed successfully in 102.86 ms on connection [connectionId{localValue:8, serverValue:3057}] to server 162.105.88.139:27025
2022-03-18 15:19:21.078 [Test worker] DEBUG org.mongodb.driver.operation - Received batch of 1 documents with cursorId 0 from server 162.105.88.139:27025
2022-03-18 15:19:21.078 [Test worker] TRACE org.mongodb.driver.connection - Checked in connection [connectionId{localValue:8, serverValue:3057}] to server 162.105.88.139:27025
2022-03-18 15:19:21.079 [Test worker] DEBUG org.mongodb.driver.protocol.command - Sending command '{"find": "急救报警_node", "filter": {"nodeId": {"$in": [60210508]}}, "$db": "relation", "lsid": {"id": {"$binary": {"base64": "tf7474etTYit+JqDYXutug==", "subType": "04"}}}}' with request id 31 to database relation on connection [connectionId{localValue:8, serverValue:3057}] to server 162.105.88.139:27025
2022-03-18 15:19:21.087 [Test worker] DEBUG org.mongodb.driver.protocol.command - Execution of command with request id 31 completed successfully in 7.93 ms on connection [connectionId{localValue:8, serverValue:3057}] to server 162.105.88.139:27025
2022-03-18 15:19:21.087 [Test worker] DEBUG org.mongodb.driver.operation - Received batch of 1 documents with cursorId 0 from server 162.105.88.139:27025
2022-03-18 15:19:21.087 [Test worker] TRACE org.mongodb.driver.connection - Checked in connection [connectionId{localValue:8, serverValue:3057}] to server 162.105.88.139:27025
2022-03-18 15:19:21.088 [Test worker] DEBUG org.mongodb.driver.protocol.command - Sending command '{"find": "急救报警_node", "filter": {"nodeId": {"$in": [60210508]}}, "$db": "relation", "lsid": {"id": {"$binary": {"base64": "tf7474etTYit+JqDYXutug==", "subType": "04"}}}}' with request id 32 to database relation on connection [connectionId{localValue:8, serverValue:3057}] to server 162.105.88.139:27025
2022-03-18 15:19:21.094 [Test worker] DEBUG org.mongodb.driver.protocol.command - Execution of command with request id 32 completed successfully in 5.96 ms on connection [connectionId{localValue:8, serverValue:3057}] to server 162.105.88.139:27025
2022-03-18 15:19:21.094 [Test worker] DEBUG org.mongodb.driver.operation - Received batch of 1 documents with cursorId 0 from server 162.105.88.139:27025
2022-03-18 15:19:21.094 [Test worker] TRACE org.mongodb.driver.connection - Checked in connection [connectionId{localValue:8, serverValue:3057}] to server 162.105.88.139:27025
2022-03-18 15:19:21.095 [Test worker] DEBUG org.mongodb.driver.protocol.command - Sending command '{"find": "发起_edge", "filter": {"fromId": {"$in": [79492509]}}, "$db": "relation", "lsid": {"id": {"$binary": {"base64": "tf7474etTYit+JqDYXutug==", "subType": "04"}}}}' with request id 33 to database relation on connection [connectionId{localValue:8, serverValue:3057}] to server 162.105.88.139:27025
2022-03-18 15:19:21.104 [Test worker] DEBUG org.mongodb.driver.protocol.command - Execution of command with request id 33 completed successfully in 9.01 ms on connection [connectionId{localValue:8, serverValue:3057}] to server 162.105.88.139:27025
2022-03-18 15:19:21.105 [Test worker] DEBUG org.mongodb.driver.operation - Received batch of 1 documents with cursorId 0 from server 162.105.88.139:27025
2022-03-18 15:19:21.105 [Test worker] TRACE org.mongodb.driver.connection - Checked in connection [connectionId{localValue:8, serverValue:3057}] to server 162.105.88.139:27025
2022-03-18 15:19:21.106 [Test worker] DEBUG org.mongodb.driver.protocol.command - Sending command '{"find": "急救报警_node", "filter": {"nodeId": {"$in": [79492503]}}, "$db": "relation", "lsid": {"id": {"$binary": {"base64": "tf7474etTYit+JqDYXutug==", "subType": "04"}}}}' with request id 34 to database relation on connection [connectionId{localValue:8, serverValue:3057}] to server 162.105.88.139:27025
2022-03-18 15:19:21.112 [Test worker] DEBUG org.mongodb.driver.protocol.command - Execution of command with request id 34 completed successfully in 6.10 ms on connection [connectionId{localValue:8, serverValue:3057}] to server 162.105.88.139:27025
2022-03-18 15:19:21.112 [Test worker] DEBUG org.mongodb.driver.operation - Received batch of 1 documents with cursorId 0 from server 162.105.88.139:27025
2022-03-18 15:19:21.112 [Test worker] TRACE org.mongodb.driver.connection - Checked in connection [connectionId{localValue:8, serverValue:3057}] to server 162.105.88.139:27025
2022-03-18 15:19:21.113 [Test worker] DEBUG org.mongodb.driver.protocol.command - Sending command '{"find": "急救报警_node", "filter": {"nodeId": {"$in": [79492503]}}, "$db": "relation", "lsid": {"id": {"$binary": {"base64": "tf7474etTYit+JqDYXutug==", "subType": "04"}}}}' with request id 35 to database relation on connection [connectionId{localValue:8, serverValue:3057}] to server 162.105.88.139:27025
2022-03-18 15:19:21.120 [Test worker] DEBUG org.mongodb.driver.protocol.command - Execution of command with request id 35 completed successfully in 7.35 ms on connection [connectionId{localValue:8, serverValue:3057}] to server 162.105.88.139:27025
2022-03-18 15:19:21.121 [Test worker] DEBUG org.mongodb.driver.operation - Received batch of 1 documents with cursorId 0 from server 162.105.88.139:27025
2022-03-18 15:19:21.121 [Test worker] TRACE org.mongodb.driver.connection - Checked in connection [connectionId{localValue:8, serverValue:3057}] to server 162.105.88.139:27025
2022-03-18 15:19:21.121 [Test worker] DEBUG org.mongodb.driver.protocol.command - Sending command '{"find": "发起_edge", "filter": {"fromId": {"$in": [76398919]}}, "$db": "relation", "lsid": {"id": {"$binary": {"base64": "tf7474etTYit+JqDYXutug==", "subType": "04"}}}}' with request id 36 to database relation on connection [connectionId{localValue:8, serverValue:3057}] to server 162.105.88.139:27025
2022-03-18 15:19:21.146 [Test worker] DEBUG org.mongodb.driver.protocol.command - Execution of command with request id 36 completed successfully in 24.45 ms on connection [connectionId{localValue:8, serverValue:3057}] to server 162.105.88.139:27025
2022-03-18 15:19:21.146 [Test worker] DEBUG org.mongodb.driver.operation - Received batch of 6 documents with cursorId 0 from server 162.105.88.139:27025
2022-03-18 15:19:21.146 [Test worker] TRACE org.mongodb.driver.connection - Checked in connection [connectionId{localValue:8, serverValue:3057}] to server 162.105.88.139:27025
2022-03-18 15:19:21.147 [Test worker] DEBUG org.mongodb.driver.protocol.command - Sending command '{"find": "急救报警_node", "filter": {"nodeId": {"$in": [76398914, 76663994, 80190934, 81060282, 84783593, 85670073]}}, "$db": "relation", "lsid": {"id": {"$binary": {"base64": "tf7474etTYit+JqDYXutug==", "subType": "04"}}}}' with request id 37 to database relation on connection [connectionId{localValue:8, serverValue:3057}] to server 162.105.88.139:27025
2022-03-18 15:19:21.157 [Test worker] DEBUG org.mongodb.driver.protocol.command - Execution of command with request id 37 completed successfully in 10.15 ms on connection [connectionId{localValue:8, serverValue:3057}] to server 162.105.88.139:27025
2022-03-18 15:19:21.158 [Test worker] DEBUG org.mongodb.driver.operation - Received batch of 6 documents with cursorId 0 from server 162.105.88.139:27025
2022-03-18 15:19:21.158 [Test worker] TRACE org.mongodb.driver.connection - Checked in connection [connectionId{localValue:8, serverValue:3057}] to server 162.105.88.139:27025
2022-03-18 15:19:21.159 [Test worker] DEBUG org.mongodb.driver.protocol.command - Sending command '{"find": "急救报警_node", "filter": {"nodeId": {"$in": [76398914, 76663994, 80190934, 81060282, 84783593, 85670073]}}, "$db": "relation", "lsid": {"id": {"$binary": {"base64": "tf7474etTYit+JqDYXutug==", "subType": "04"}}}}' with request id 38 to database relation on connection [connectionId{localValue:8, serverValue:3057}] to server 162.105.88.139:27025
2022-03-18 15:19:21.169 [Test worker] DEBUG org.mongodb.driver.protocol.command - Execution of command with request id 38 completed successfully in 10.11 ms on connection [connectionId{localValue:8, serverValue:3057}] to server 162.105.88.139:27025
2022-03-18 15:19:21.169 [Test worker] DEBUG org.mongodb.driver.operation - Received batch of 6 documents with cursorId 0 from server 162.105.88.139:27025
2022-03-18 15:19:21.169 [Test worker] TRACE org.mongodb.driver.connection - Checked in connection [connectionId{localValue:8, serverValue:3057}] to server 162.105.88.139:27025
2022-03-18 15:19:21.170 [Test worker] DEBUG org.mongodb.driver.protocol.command - Sending command '{"find": "发起_edge", "filter": {"fromId": {"$in": [110468421]}}, "$db": "relation", "lsid": {"id": {"$binary": {"base64": "tf7474etTYit+JqDYXutug==", "subType": "04"}}}}' with request id 39 to database relation on connection [connectionId{localValue:8, serverValue:3057}] to server 162.105.88.139:27025
2022-03-18 15:19:21.187 [Test worker] DEBUG org.mongodb.driver.protocol.command - Execution of command with request id 39 completed successfully in 17.09 ms on connection [connectionId{localValue:8, serverValue:3057}] to server 162.105.88.139:27025
2022-03-18 15:19:21.187 [Test worker] DEBUG org.mongodb.driver.operation - Received batch of 1 documents with cursorId 0 from server 162.105.88.139:27025
2022-03-18 15:19:21.187 [Test worker] TRACE org.mongodb.driver.connection - Checked in connection [connectionId{localValue:8, serverValue:3057}] to server 162.105.88.139:27025
2022-03-18 15:19:21.188 [Test worker] DEBUG org.mongodb.driver.protocol.command - Sending command '{"find": "急救报警_node", "filter": {"nodeId": {"$in": [110468415]}}, "$db": "relation", "lsid": {"id": {"$binary": {"base64": "tf7474etTYit+JqDYXutug==", "subType": "04"}}}}' with request id 40 to database relation on connection [connectionId{localValue:8, serverValue:3057}] to server 162.105.88.139:27025
2022-03-18 15:19:21.196 [Test worker] DEBUG org.mongodb.driver.protocol.command - Execution of command with request id 40 completed successfully in 7.81 ms on connection [connectionId{localValue:8, serverValue:3057}] to server 162.105.88.139:27025
2022-03-18 15:19:21.196 [Test worker] DEBUG org.mongodb.driver.operation - Received batch of 1 documents with cursorId 0 from server 162.105.88.139:27025
2022-03-18 15:19:21.196 [Test worker] TRACE org.mongodb.driver.connection - Checked in connection [connectionId{localValue:8, serverValue:3057}] to server 162.105.88.139:27025
2022-03-18 15:19:21.197 [Test worker] DEBUG org.mongodb.driver.protocol.command - Sending command '{"find": "急救报警_node", "filter": {"nodeId": {"$in": [110468415]}}, "$db": "relation", "lsid": {"id": {"$binary": {"base64": "tf7474etTYit+JqDYXutug==", "subType": "04"}}}}' with request id 41 to database relation on connection [connectionId{localValue:8, serverValue:3057}] to server 162.105.88.139:27025
2022-03-18 15:19:21.203 [Test worker] DEBUG org.mongodb.driver.protocol.command - Execution of command with request id 41 completed successfully in 6.60 ms on connection [connectionId{localValue:8, serverValue:3057}] to server 162.105.88.139:27025
2022-03-18 15:19:21.203 [Test worker] DEBUG org.mongodb.driver.operation - Received batch of 1 documents with cursorId 0 from server 162.105.88.139:27025
2022-03-18 15:19:21.204 [Test worker] TRACE org.mongodb.driver.connection - Checked in connection [connectionId{localValue:8, serverValue:3057}] to server 162.105.88.139:27025
14
]]></system-out>
  <system-err><![CDATA[]]></system-err>
</testsuite>
