<?xml version="1.0" encoding="UTF-8"?>
<testsuite name="me.lizhen.ApplicationTest" tests="1" skipped="0" failures="0" errors="0" timestamp="2022-03-18T07:58:09" hostname="Craigs-MacBook-Pro.local" time="1.077">
  <properties/>
  <testcase name="getPatternJson" classname="me.lizhen.ApplicationTest" time="1.077"/>
  <system-out><![CDATA[2022-03-18 15:58:09.953 [Test worker] INFO  org.mongodb.driver.cluster - Cluster created with settings {hosts=[162.105.88.139:27025], mode=SINGLE, requiredClusterType=UNKNOWN, serverSelectionTimeout='30000 ms'}
2022-03-18 15:58:09.971 [Test worker] DEBUG org.mongodb.driver.cluster - Updating cluster description to  {type=UNKNOWN, servers=[{address=162.105.88.139:27025, type=UNKNOWN, state=CONNECTING}]
2022-03-18 15:58:10.056 [Test worker] INFO  org.mongodb.driver.cluster - Cluster description not yet available. Waiting for 30000 ms before timing out
2022-03-18 15:58:10.174 [cluster-ClusterId{value='62343b917dd611541760d59d', description='null'}-162.105.88.139:27025] INFO  org.mongodb.driver.connection - Opened connection [connectionId{localValue:2, serverValue:3122}] to 162.105.88.139:27025
2022-03-18 15:58:10.174 [cluster-rtt-ClusterId{value='62343b917dd611541760d59d', description='null'}-162.105.88.139:27025] INFO  org.mongodb.driver.connection - Opened connection [connectionId{localValue:1, serverValue:3121}] to 162.105.88.139:27025
2022-03-18 15:58:10.175 [cluster-ClusterId{value='62343b917dd611541760d59d', description='null'}-162.105.88.139:27025] INFO  org.mongodb.driver.cluster - Monitor thread successfully connected to server with description ServerDescription{address=162.105.88.139:27025, type=STANDALONE, state=CONNECTED, ok=true, minWireVersion=0, maxWireVersion=9, maxDocumentSize=16777216, logicalSessionTimeoutMinutes=30, roundTripTimeNanos=15568208}
2022-03-18 15:58:10.176 [cluster-ClusterId{value='62343b917dd611541760d59d', description='null'}-162.105.88.139:27025] DEBUG org.mongodb.driver.connection - Marking the connection pool for ServerId{clusterId=ClusterId{value='62343b917dd611541760d59d', description='null'}, address=162.105.88.139:27025} as 'ready'
2022-03-18 15:58:10.176 [MaintenanceTimer-1-thread-1] DEBUG org.mongodb.driver.connection - Pruning pooled connections to 162.105.88.139:27025
2022-03-18 15:58:10.177 [cluster-ClusterId{value='62343b917dd611541760d59d', description='null'}-162.105.88.139:27025] DEBUG org.mongodb.driver.cluster - Updating cluster description to  {type=STANDALONE, servers=[{address=162.105.88.139:27025, type=STANDALONE, roundTripTime=15.6 ms, state=CONNECTED}]
2022-03-18 15:58:10.177 [cluster-ClusterId{value='62343b917dd611541760d59d', description='null'}-162.105.88.139:27025] DEBUG org.mongodb.driver.cluster - Checking status of 162.105.88.139:27025
2022-03-18 15:58:10.250 [Test worker] INFO  org.mongodb.driver.connection - Opened connection [connectionId{localValue:3, serverValue:3123}] to 162.105.88.139:27025
2022-03-18 15:58:10.250 [Test worker] TRACE org.mongodb.driver.connection - Pooled connection connectionId{localValue:3, serverValue:3123} to server ServerId{clusterId=ClusterId{value='62343b917dd611541760d59d', description='null'}, address=162.105.88.139:27025} is now open
2022-03-18 15:58:10.262 [Test worker] DEBUG org.mongodb.driver.protocol.command - Sending command '{"find": "relation_node", "filter": {}, "$db": "relation", "lsid": {"id": {"$binary": {"base64": "nNQcsKWCTVyiQOqNpzhnBA==", "subType": "04"}}}}' with request id 6 to database relation on connection [connectionId{localValue:3, serverValue:3123}] to server 162.105.88.139:27025
2022-03-18 15:58:10.302 [Test worker] DEBUG org.mongodb.driver.protocol.command - Execution of command with request id 6 completed successfully in 46.37 ms on connection [connectionId{localValue:3, serverValue:3123}] to server 162.105.88.139:27025
2022-03-18 15:58:10.399 [Test worker] DEBUG org.mongodb.driver.operation - Received batch of 66 documents with cursorId 0 from server 162.105.88.139:27025
2022-03-18 15:58:10.400 [Test worker] TRACE org.mongodb.driver.connection - Checked in connection [connectionId{localValue:3, serverValue:3123}] to server 162.105.88.139:27025
2022-03-18 15:58:10.531 [grpc-nio-worker-ELG-1-2] DEBUG io.grpc.netty.NettyClientHandler - [id: 0x897bb1d5, L:/10.0.163.130:50343 - R:/162.105.88.139:19482] OUTBOUND SETTINGS: ack=false settings={ENABLE_PUSH=0, MAX_CONCURRENT_STREAMS=0, INITIAL_WINDOW_SIZE=1048576, MAX_HEADER_LIST_SIZE=8192}
2022-03-18 15:58:10.534 [grpc-nio-worker-ELG-1-2] DEBUG io.grpc.netty.NettyClientHandler - [id: 0x897bb1d5, L:/10.0.163.130:50343 - R:/162.105.88.139:19482] OUTBOUND WINDOW_UPDATE: streamId=0 windowSizeIncrement=983041
2022-03-18 15:58:10.537 [grpc-nio-worker-ELG-1-2] DEBUG io.grpc.netty.NettyClientHandler - [id: 0x897bb1d5, L:/10.0.163.130:50343 - R:/162.105.88.139:19482] INBOUND SETTINGS: ack=false settings={MAX_CONCURRENT_STREAMS=1000}
2022-03-18 15:58:10.538 [grpc-nio-worker-ELG-1-2] DEBUG io.grpc.netty.NettyClientHandler - [id: 0x897bb1d5, L:/10.0.163.130:50343 - R:/162.105.88.139:19482] OUTBOUND SETTINGS: ack=true
2022-03-18 15:58:10.538 [grpc-nio-worker-ELG-1-2] DEBUG io.grpc.netty.NettyClientHandler - [id: 0x897bb1d5, L:/10.0.163.130:50343 - R:/162.105.88.139:19482] INBOUND SETTINGS: ack=true
2022-03-18 15:58:10.546 [grpc-nio-worker-ELG-1-2] DEBUG io.grpc.netty.NettyClientHandler - [id: 0x897bb1d5, L:/10.0.163.130:50343 - R:/162.105.88.139:19482] OUTBOUND HEADERS: streamId=3 headers=GrpcHttp2OutboundHeaders[:authority: 162.105.88.139:19482, :path: /api.Dgraph/Alter, :method: POST, :scheme: http, content-type: application/grpc, te: trailers, user-agent: grpc-java-netty/1.34.1, grpc-accept-encoding: gzip] streamDependency=0 weight=16 exclusive=false padding=0 endStream=false
2022-03-18 15:58:10.549 [grpc-nio-worker-ELG-1-2] DEBUG io.grpc.netty.NettyClientHandler - [id: 0x897bb1d5, L:/10.0.163.130:50343 - R:/162.105.88.139:19482] OUTBOUND DATA: streamId=3 padding=0 endStream=true length=1956 bytes=000000079f0a9a0f3c6e6f646549643e3a20696e742040696e64657828696e7429202e0a3c74797065733e3a20737472696e672040696e646578286861736829...
2022-03-18 15:58:10.556 [grpc-nio-worker-ELG-1-2] DEBUG io.grpc.netty.NettyClientHandler - [id: 0x897bb1d5, L:/10.0.163.130:50343 - R:/162.105.88.139:19482] INBOUND WINDOW_UPDATE: streamId=0 windowSizeIncrement=1956
2022-03-18 15:58:10.556 [grpc-nio-worker-ELG-1-2] DEBUG io.grpc.netty.NettyClientHandler - [id: 0x897bb1d5, L:/10.0.163.130:50343 - R:/162.105.88.139:19482] INBOUND PING: ack=false bytes=145258749040133895
2022-03-18 15:58:10.556 [grpc-nio-worker-ELG-1-2] DEBUG io.grpc.netty.NettyClientHandler - [id: 0x897bb1d5, L:/10.0.163.130:50343 - R:/162.105.88.139:19482] OUTBOUND PING: ack=true bytes=145258749040133895
2022-03-18 15:58:10.570 [grpc-nio-worker-ELG-1-2] DEBUG io.grpc.netty.NettyClientHandler - [id: 0x897bb1d5, L:/10.0.163.130:50343 - R:/162.105.88.139:19482] INBOUND HEADERS: streamId=3 headers=GrpcHttp2ResponseHeaders[:status: 200, content-type: application/grpc] padding=0 endStream=false
2022-03-18 15:58:10.571 [grpc-nio-worker-ELG-1-2] DEBUG io.grpc.netty.NettyClientHandler - [id: 0x897bb1d5, L:/10.0.163.130:50343 - R:/162.105.88.139:19482] INBOUND DATA: streamId=3 padding=0 endStream=false length=5 bytes=0000000000
2022-03-18 15:58:10.571 [grpc-nio-worker-ELG-1-2] DEBUG io.grpc.netty.NettyClientHandler - [id: 0x897bb1d5, L:/10.0.163.130:50343 - R:/162.105.88.139:19482] OUTBOUND PING: ack=false bytes=1234
2022-03-18 15:58:10.572 [grpc-nio-worker-ELG-1-2] DEBUG io.grpc.netty.NettyClientHandler - [id: 0x897bb1d5, L:/10.0.163.130:50343 - R:/162.105.88.139:19482] INBOUND HEADERS: streamId=3 headers=GrpcHttp2ResponseHeaders[grpc-status: 0, grpc-message: ] padding=0 endStream=true
2022-03-18 15:58:10.579 [grpc-nio-worker-ELG-1-2] DEBUG io.grpc.netty.NettyClientHandler - [id: 0x897bb1d5, L:/10.0.163.130:50343 - R:/162.105.88.139:19482] INBOUND PING: ack=true bytes=1234
2022-03-18 15:58:10.595 [grpc-nio-worker-ELG-1-2] DEBUG io.grpc.netty.NettyClientHandler - [id: 0x897bb1d5, L:/10.0.163.130:50343 - R:/162.105.88.139:19482] OUTBOUND HEADERS: streamId=5 headers=GrpcHttp2OutboundHeaders[:authority: 162.105.88.139:19482, :path: /api.Dgraph/Query, :method: POST, :scheme: http, content-type: application/grpc, te: trailers, user-agent: grpc-java-netty/1.34.1, grpc-accept-encoding: gzip] streamDependency=0 weight=16 exclusive=false padding=0 endStream=false
2022-03-18 15:58:10.596 [grpc-nio-worker-ELG-1-2] DEBUG io.grpc.netty.NettyClientHandler - [id: 0x897bb1d5, L:/10.0.163.130:50343 - R:/162.105.88.139:19482] OUTBOUND DATA: streamId=5 padding=0 endStream=true length=36 bytes=000000001f221d71756572797b6e6f64652866756e633a207569642830783129297b7d7d
2022-03-18 15:58:10.602 [grpc-nio-worker-ELG-1-2] DEBUG io.grpc.netty.NettyClientHandler - [id: 0x897bb1d5, L:/10.0.163.130:50343 - R:/162.105.88.139:19482] INBOUND WINDOW_UPDATE: streamId=0 windowSizeIncrement=36
2022-03-18 15:58:10.602 [grpc-nio-worker-ELG-1-2] DEBUG io.grpc.netty.NettyClientHandler - [id: 0x897bb1d5, L:/10.0.163.130:50343 - R:/162.105.88.139:19482] INBOUND PING: ack=false bytes=145258749040133895
2022-03-18 15:58:10.602 [grpc-nio-worker-ELG-1-2] DEBUG io.grpc.netty.NettyClientHandler - [id: 0x897bb1d5, L:/10.0.163.130:50343 - R:/162.105.88.139:19482] OUTBOUND PING: ack=true bytes=145258749040133895
2022-03-18 15:58:10.612 [grpc-nio-worker-ELG-1-2] DEBUG io.grpc.netty.NettyClientHandler - [id: 0x897bb1d5, L:/10.0.163.130:50343 - R:/162.105.88.139:19482] INBOUND HEADERS: streamId=5 headers=GrpcHttp2ResponseHeaders[:status: 200, content-type: application/grpc, dgraph-toucheduids: 1] padding=0 endStream=false
2022-03-18 15:58:10.612 [grpc-nio-worker-ELG-1-2] DEBUG io.grpc.netty.NettyClientHandler - [id: 0x897bb1d5, L:/10.0.163.130:50343 - R:/162.105.88.139:19482] INBOUND DATA: streamId=5 padding=0 endStream=false length=66 bytes=000000003d0a0b7b226e6f6465223a5b5d7d12040887f4271a1408cba70510c7a30418faa60320b4872328f9dc3522120a040a0010010a0a0a065f746f74616c...
2022-03-18 15:58:10.612 [grpc-nio-worker-ELG-1-2] DEBUG io.grpc.netty.NettyClientHandler - [id: 0x897bb1d5, L:/10.0.163.130:50343 - R:/162.105.88.139:19482] OUTBOUND PING: ack=false bytes=1234
2022-03-18 15:58:10.613 [grpc-nio-worker-ELG-1-2] DEBUG io.grpc.netty.NettyClientHandler - [id: 0x897bb1d5, L:/10.0.163.130:50343 - R:/162.105.88.139:19482] INBOUND HEADERS: streamId=5 headers=GrpcHttp2ResponseHeaders[grpc-status: 0, grpc-message: ] padding=0 endStream=true
2022-03-18 15:58:10.616 [grpc-nio-worker-ELG-1-2] DEBUG io.grpc.netty.NettyClientHandler - [id: 0x897bb1d5, L:/10.0.163.130:50343 - R:/162.105.88.139:19482] INBOUND PING: ack=true bytes=1234
2022-03-18 15:58:10.630 [DefaultDispatcher-worker-1 @coroutine#1] DEBUG org.mongodb.driver.protocol.command - Sending command '{"find": "concept_node", "filter": {}, "$db": "relation", "lsid": {"id": {"$binary": {"base64": "nNQcsKWCTVyiQOqNpzhnBA==", "subType": "04"}}}}' with request id 7 to database relation on connection [connectionId{localValue:3, serverValue:3123}] to server 162.105.88.139:27025
2022-03-18 15:58:10.652 [DefaultDispatcher-worker-1 @coroutine#1] DEBUG org.mongodb.driver.protocol.command - Execution of command with request id 7 completed successfully in 22.27 ms on connection [connectionId{localValue:3, serverValue:3123}] to server 162.105.88.139:27025
2022-03-18 15:58:10.669 [DefaultDispatcher-worker-1 @coroutine#1] DEBUG org.mongodb.driver.operation - Received batch of 94 documents with cursorId 0 from server 162.105.88.139:27025
2022-03-18 15:58:10.670 [DefaultDispatcher-worker-1 @coroutine#1] TRACE org.mongodb.driver.connection - Checked in connection [connectionId{localValue:3, serverValue:3123}] to server 162.105.88.139:27025
2022-03-18 15:58:10.670 [DefaultDispatcher-worker-1 @coroutine#1] TRACE org.mongodb.driver.connection - Handed over opened connection [connectionId{localValue:3, serverValue:3123}] to server 162.105.88.139:27025
2022-03-18 15:58:10.670 [DefaultDispatcher-worker-4 @coroutine#4] TRACE org.mongodb.driver.connection - Received opened connection [connectionId{localValue:3, serverValue:3123}] to server 162.105.88.139:27025
2022-03-18 15:58:10.670 [DefaultDispatcher-worker-4 @coroutine#4] TRACE org.mongodb.driver.connection - Silently closed connection [connectionId{localValue:7}] to server 162.105.88.139:27025
2022-03-18 15:58:10.670 [DefaultDispatcher-worker-4 @coroutine#4] DEBUG org.mongodb.driver.connection - Closing connection connectionId{localValue:7}
2022-03-18 15:58:10.672 [DefaultDispatcher-worker-4 @coroutine#4] DEBUG org.mongodb.driver.protocol.command - Sending command '{"find": "hasRelationConcept_edge", "filter": {}, "$db": "relation", "lsid": {"id": {"$binary": {"base64": "nNQcsKWCTVyiQOqNpzhnBA==", "subType": "04"}}}}' with request id 12 to database relation on connection [connectionId{localValue:3, serverValue:3123}] to server 162.105.88.139:27025
2022-03-18 15:58:10.696 [DefaultDispatcher-worker-3 @coroutine#5] INFO  org.mongodb.driver.connection - Opened connection [connectionId{localValue:6, serverValue:3124}] to 162.105.88.139:27025
2022-03-18 15:58:10.696 [DefaultDispatcher-worker-2 @coroutine#2] INFO  org.mongodb.driver.connection - Opened connection [connectionId{localValue:5, serverValue:3125}] to 162.105.88.139:27025
2022-03-18 15:58:10.696 [DefaultDispatcher-worker-3 @coroutine#5] TRACE org.mongodb.driver.connection - Pooled connection connectionId{localValue:6, serverValue:3124} to server ServerId{clusterId=ClusterId{value='62343b917dd611541760d59d', description='null'}, address=162.105.88.139:27025} is now open
2022-03-18 15:58:10.696 [DefaultDispatcher-worker-2 @coroutine#2] TRACE org.mongodb.driver.connection - Pooled connection connectionId{localValue:5, serverValue:3125} to server ServerId{clusterId=ClusterId{value='62343b917dd611541760d59d', description='null'}, address=162.105.88.139:27025} is now open
2022-03-18 15:58:10.697 [DefaultDispatcher-worker-2 @coroutine#2] DEBUG org.mongodb.driver.protocol.command - Sending command '{"find": "property_node", "filter": {}, "$db": "relation", "lsid": {"id": {"$binary": {"base64": "TS5HhtknSp+kDzJiSNLg0Q==", "subType": "04"}}}}' with request id 14 to database relation on connection [connectionId{localValue:5, serverValue:3125}] to server 162.105.88.139:27025
2022-03-18 15:58:10.697 [DefaultDispatcher-worker-3 @coroutine#5] DEBUG org.mongodb.driver.protocol.command - Sending command '{"find": "hasProperty_edge", "filter": {}, "$db": "relation", "lsid": {"id": {"$binary": {"base64": "+s5kcKaoRoyL4BJ9u43wKA==", "subType": "04"}}}}' with request id 13 to database relation on connection [connectionId{localValue:6, serverValue:3124}] to server 162.105.88.139:27025
2022-03-18 15:58:10.703 [DefaultDispatcher-worker-4 @coroutine#4] DEBUG org.mongodb.driver.protocol.command - Execution of command with request id 12 completed successfully in 32.24 ms on connection [connectionId{localValue:3, serverValue:3123}] to server 162.105.88.139:27025
2022-03-18 15:58:10.735 [DefaultDispatcher-worker-2 @coroutine#2] DEBUG org.mongodb.driver.protocol.command - Execution of command with request id 14 completed successfully in 38.65 ms on connection [connectionId{localValue:5, serverValue:3125}] to server 162.105.88.139:27025
2022-03-18 15:58:10.735 [DefaultDispatcher-worker-3 @coroutine#5] DEBUG org.mongodb.driver.protocol.command - Execution of command with request id 13 completed successfully in 38.59 ms on connection [connectionId{localValue:6, serverValue:3124}] to server 162.105.88.139:27025
2022-03-18 15:58:10.741 [DefaultDispatcher-worker-5 @coroutine#3] INFO  org.mongodb.driver.connection - Opened connection [connectionId{localValue:4, serverValue:3126}] to 162.105.88.139:27025
2022-03-18 15:58:10.741 [DefaultDispatcher-worker-5 @coroutine#3] TRACE org.mongodb.driver.connection - Pooled connection connectionId{localValue:4, serverValue:3126} to server ServerId{clusterId=ClusterId{value='62343b917dd611541760d59d', description='null'}, address=162.105.88.139:27025} is now open
2022-03-18 15:58:10.742 [DefaultDispatcher-worker-5 @coroutine#3] DEBUG org.mongodb.driver.protocol.command - Sending command '{"find": "relation_node", "filter": {}, "$db": "relation", "lsid": {"id": {"$binary": {"base64": "dDtqqhclSqWQSpR+q4saFw==", "subType": "04"}}}}' with request id 17 to database relation on connection [connectionId{localValue:4, serverValue:3126}] to server 162.105.88.139:27025
2022-03-18 15:58:10.749 [DefaultDispatcher-worker-4 @coroutine#4] DEBUG org.mongodb.driver.operation - Received batch of 101 documents with cursorId 6748394207882403067 from server 162.105.88.139:27025
2022-03-18 15:58:10.749 [DefaultDispatcher-worker-4 @coroutine#4] TRACE org.mongodb.driver.connection - Checked in connection [connectionId{localValue:3, serverValue:3123}] to server 162.105.88.139:27025
{"nodes":[{"patternId":"A","type":"报警人"},{"patternId":"B","type":"急救报警"},{"patternId":"C","type":"急救报警"}],"edges":[{"patternId":"e0","type":"发起","fromPatternId":"A","toPatternId":"B"},{"patternId":"e2","type":"发起","fromPatternId":"A","toPatternId":"C"}],"constraints":[{"patternId":"c0","targetType":"Node","targetPatternId":"A","property":"呼叫人*","operator":"MatchRegex","value":"李.+"},{"patternId":"c1","targetType":"Node","targetPatternId":"A","property":"联系电话","operator":"MatchRegex","value":"15[0-9].+"},{"patternId":"c2","targetType":"Node","targetPatternId":"B","property":"流水号*","operator":"MatchRegex","value":"2019[0-9]+"}]}
2022-03-18 15:58:10.750 [DefaultDispatcher-worker-4 @coroutine#4] DEBUG org.mongodb.driver.protocol.command - Sending command '{"getMore": 6748394207882403067, "collection": "hasRelationConcept_edge", "$db": "relation", "lsid": {"id": {"$binary": {"base64": "nNQcsKWCTVyiQOqNpzhnBA==", "subType": "04"}}}}' with request id 18 to database relation on connection [connectionId{localValue:3, serverValue:3123}] to server 162.105.88.139:27025
]]></system-out>
  <system-err><![CDATA[]]></system-err>
</testsuite>
